<?xml version="1.0" encoding="UTF-8"?>
<testng-results ignored="0" total="1" passed="1" failed="0" skipped="0">
  <reporter-output>
  </reporter-output>
  <suite started-at="2024-02-04T16:07:22 GMT" name="Default suite" finished-at="2024-02-04T16:07:24 GMT" duration-ms="2146">
    <groups>
    </groups>
    <test started-at="2024-02-04T16:07:22 GMT" name="Default test" finished-at="2024-02-04T16:07:24 GMT" duration-ms="2146">
      <class name="test.SoapRequest">
        <test-method signature="SoapRequest()[pri:0, instance:test.SoapRequest@7334aada]" started-at="2024-02-04T16:07:22 GMT" name="SoapRequest" finished-at="2024-02-04T16:07:24 GMT" duration-ms="2085" status="PASS">
          <reporter-output>
          </reporter-output>
        </test-method> <!-- SoapRequest -->
      </class> <!-- test.SoapRequest -->
    </test> <!-- Default test -->
  </suite> <!-- Default suite -->
</testng-results>
